D:\COLIN\五子棋单机版\五子棋单机版\DEBUG\GOBANG.OBJ
D:\COLIN\五子棋单机版\五子棋单机版\DEBUG\MAIN.OBJ
D:\COLIN\五子棋单机版\五子棋单机版\DEBUG\QIPAN.OBJ
D:\COLIN\五子棋单机版\五子棋单机版\DEBUG\VC110.PDB
D:\COLIN\五子棋单机版\DEBUG\五子棋单机版.ILK
D:\COLIN\五子棋单机版\DEBUG\五子棋单机版.EXE
D:\COLIN\五子棋单机版\DEBUG\五子棋单机版.PDB
D:\COLIN\五子棋单机版\五子棋单机版\DEBUG\五子棋单机版.RES
D:\colin\五子棋单机版\五子棋单机版\Debug\GoBang.obj
D:\colin\五子棋单机版\五子棋单机版\Debug\main.obj
D:\colin\五子棋单机版\五子棋单机版\Debug\QiPan.obj
D:\colin\五子棋单机版\五子棋单机版\Debug\cl.command.1.tlog
D:\colin\五子棋单机版\五子棋单机版\Debug\CL.read.1.tlog
D:\colin\五子棋单机版\五子棋单机版\Debug\CL.write.1.tlog
D:\colin\五子棋单机版\五子棋单机版\Debug\link-cvtres.read.1.tlog
D:\colin\五子棋单机版\五子棋单机版\Debug\link-cvtres.write.1.tlog
D:\colin\五子棋单机版\五子棋单机版\Debug\link-rc.read.1.tlog
D:\colin\五子棋单机版\五子棋单机版\Debug\link-rc.write.1.tlog
D:\colin\五子棋单机版\五子棋单机版\Debug\link.command.1.tlog
D:\colin\五子棋单机版\五子棋单机版\Debug\link.read.1.tlog
D:\colin\五子棋单机版\五子棋单机版\Debug\link.write.1.tlog
D:\colin\五子棋单机版\五子棋单机版\Debug\rc.command.1.tlog
D:\colin\五子棋单机版\五子棋单机版\Debug\rc.read.1.tlog
D:\colin\五子棋单机版\五子棋单机版\Debug\rc.write.1.tlog
D:\colin\五子棋单机版\五子棋单机版\Debug\五子棋单机版.res
D:\colin\五子棋单机版\五子棋单机版\Debug\vc110.idb
D:\colin\五子棋单机版\五子棋单机版\Debug\vc110.pdb
D:\colin\五子棋单机版\Debug\五子棋单机版.pdb
D:\colin\五子棋单机版\Debug\五子棋单机版.exe
D:\colin\五子棋单机版\Debug\五子棋单机版.ilk
